107
3 72 4 71
3 73 74 123
3 177 170 87
3 472 88 301
3 170 412 37
3 324 38 143
3 48 88 486
3 103 5 111
3 113 41 23
3 210 53 439
3 18 44 221
3 264 234 142
3 261 405 30
3 490 117 310
3 185 434 203
3 448 80 71
3 360 451 168
3 218 475 66
3 136 419 15
3 8 61 79
3 25 356 181
3 433 187 95
3 115 277 199
3 208 236 54
3 56 249 149
3 273 258 39
3 31 294 271
3 288 385 186
3 27 99 292
3 320 3 92
3 201 59 367
3 387 45 6
3 24 396 429
3 409 362 139
3 217 430 455
3 89 114 445
3 473 498 121
3 499 124 302
3 65 10 29
3 105 100 13
3 159 214 55
3 90 91 163
2 123 235
2 188 180
2 192 242
2 276 230
2 422 263
2 345 268
2 283 278
2 328 394
2 336 424
2 384 348
2 397 351
2 388 364
2 449 375
2 407 391
2 392 400
2 467 399
2 442 403
2 16 427
2 474 431
2 459 437
2 26 438
2 40 444
2 76 447
2 497 50
2 78 22
2 81 70
2 106 101
2 104 107
2 116 109
2 128 119
2 129 132
2 138 151
2 152 148
2 153 164
2 172 174
2 195 198
2 200 204
2 233 207
2 244 237
2 245 247
2 251 254
2 267 259
2 274 269
2 280 282
2 284 285
2 304 289
2 307 325
2 339 332
2 361 341
2 363 347
2 372 365
2 377 373
2 401 379
2 395 390
2 425 411
2 432 453
2 2 446
2 450 460
2 49 461
2 58 494
2 75 51
2 82 63
2 68 85
2 98 83
2 84 102
