1628
4 6404 5121 8148 5357
4 5913 2589 421 6255
4 6584 8785 3629 5583
4 9906 3987 7710 5231
4 1737 4386 7529 2094
4 2584 1756 5796 9487
4 8754 8197 998 6735
4 6312 59 2395 2861
4 8873 7569 7923 6655
4 7704 7444 7262 6632
4 7796 5515 9612 8452
4 2489 5905 398 8407
4 1248 820 9213 604
4 1729 6459 9004 8603
4 7064 9529 7549 5886
4 4848 8189 8733 6839
4 4233 9354 1524 8437
4 5744 4449 4100 1287
4 6476 4574 4318 8479
4 5416 9483 9620 6823
4 3904 2545 3626 9383
4 4004 5427 7108 2061
4 7792 3697 9131 973
4 4041 2155 1396 847
4 370 5363 9618 9247
4 4863 4631 3135 3015
4 1492 4644 6668 44
4 2752 2843 8284 2222
4 7168 2117 8854 2687
4 1561 5570 9765 453
4 3505 674 4036 7100
4 7936 3273 461 1423
4 3295 2932 8287 8775
4 6640 1385 2345 8591
4 5616 2096 8004 6639
4 5592 4147 3715 5918
4 6762 9813 2598 666
4 5090 2331 3420 1556
4 9959 1677 4695 2935
4 3825 1114 5251 8119
4 8384 1081 5001 6756
4 8689 9818 948 6196
4 864 1388 7525 9888
4 683 5989 5526 8911
4 8320 4106 6613 3942
4 936 4194 7819 5052
4 4473 3484 7369 7863
4 9128 5083 2968 3149
4 2819 8585 5211 132
4 8777 8814 2459 4670
4 8240 7577 7515 876
4 9256 752 110 2246
4 962 2723 7290 8991
4 7368 3656 7939 7950
4 3176 684 2196 8837
4 2728 3457 8636 4808
4 8392 7208 371 2212
4 9267 2475 7101 5791
4 2064 281 8641 63
4 5651 714 2499 1013
4 6240 5602 7259 2548
4 7937 4090 1491 9614
4 3024 4916 1101 3678
4 5048 9019 2124 1071
4 1004 4685 9894 839
4 7834 6170 4405 3765
4 7945 4961 6677 5945
4 8152 1707 7198 2070
4 5042 1115 3302 4579
4 3272 7135 9965 3647
4 384 1233 9986 3795
4 2080 2141 6782 9295
4 7104 7201 7540 1734
4 2008 4430 5101 5773
4 7961 3499 4702 7927
4 336 5046 1164 854
4 8058 8612 2558 6495
4 49 2115 7757 6702
4 7896 5653 1214 4886
4 1341 4964 4957 5214
4 6176 2922 443 4788
4 1146 5772 4917 8063
4 7409 7202 3940 8639
4 976 7825 4509 4983
4 7313 82 2964 1830
4 9568 9307 6381 5295
4 3096 5713 6107 3463
4 818 4874 5982 4135
4 3792 7595 3607 3047
4 7516 3309 71 2727
4 8608 4322 2228 887
4 3896 2274 1210 8485
4 6168 8338 1851 3228
4 4240 9305 4406 7136
4 8322 6252 3566 7551
4 9433 4925 636 3293
4 1353 9866 6935 7543
4 9129 6550 4940 5310
4 7305 1203 5625 9527
4 594 1955 1988 1671
4 8745 9795 7326 5383
4 7145 1812 7 47
4 4185 4131 8116 5219
4 3114 4141 3437 4637
4 2456 8465 7579 8851
4 1450 1322 4235 1742
4 9552 5873 1094 7359
4 5494 9525 3142 4167
4 3686 2259 1934 766
4 9 9690 1713 532
4 3042 2962 5006 4074
4 8803 4655 8387 7231
4 8250 9539 5652 7583
4 2736 4657 2686 727
4 4561 954 7715 3357
4 8553 723 3844 4374
4 2481 9235 6129 9263
4 3072 9532 2293 7088
4 4102 1050 2982 2759
4 4475 7083 62 1895
4 4112 3196 6957 4847
4 7648 1946 7196 7447
4 213 859 7308 9917
4 8736 3337 9196 2342
4 9063 2652 1591 3519
4 4320 8332 2060 2726
4 7032 4619 2045 8375
4 6882 8010 5163 2340
4 9946 3155 4076 850
4 5777 6547 8193 8767
4 3689 1418 7725 2749
4 5904 8644 1724 9119
4 992 2642 6611 4402
4 1568 3170 2544 6178
4 1433 9106 4638 3889
4 3672 4912 5172 5686
4 5729 4490 7851 2085
4 4995 3757 6558 8478
4 3648 6534 9966 3775
4 9576 9747 1621 7494
4 120 201 586 3542
4 9344 8626 3781 6038
4 6913 3257 7643 774
4 4139 8601 7451 2628
4 3112 4058 2828 5156
4 7464 6571 403 1763
4 328 9542 4550 6567
4 7545 5931 7148 7814
4 9713 8138 8186 6467
4 3593 6537 8397 4150
4 2870 2323 8997 7862
4 8242 676 2862 9151
4 3376 3451 4244 2213
4 6147 58 2795 6134
4 2814 18 8115 9302
4 4480 3475 2308 4390
4 8233 2300 7316 4959
4 5081 9275 7445 9559
4 8865 4044 1383 6927
4 9528 3840 8187 7079
4 3708 8267 2036 1711
4 8849 8259 7166 5366
4 9320 9900 446 7703
4 7673 8506 6171 3869
4 1160 5609 778 5845
4 2123 5540 8094 1839
4 8616 2305 3842 7267
4 1049 9243 4837 8079
4 7944 9873 11 9374
4 1936 2313 4284 9605
4 2160 2243 245 8101
4 1552 2267 3526 8430
4 6359 2023 5854 3583
4 3126 9514 654 6050
4 1136 3106 5096 1509
4 2985 6123 333 8286
4 7953 6580 3950 8167
4 9289 3913 7385 5359
4 5136 2282 8509 8367
4 2944 9921 2203 5324
4 65 4498 373 7726
4 5209 7522 6300 687
4 7466 8036 1231 4551
4 2920 2674 8348 6842
4 6777 3745 4902 1767
4 7008 706 3002 1359
4 9784 177 5665 2535
4 6481 9732 1845 3253
4 2994 2817 3618 1817
4 3632 3899 6060 9856
4 4690 1427 4965 7026
4 7922 6582 8026 2718
4 6985 9722 9340 4516
4 5600 8834 2941 9942
4 9649 9283 6989 3229
4 522 7756 8701 4151
4 593 8563 8721 463
4 6329 7050 7700 6638
4 8346 780 5622 8047
4 1096 1996 3083 2572
4 9111 9691 1085 5919
4 7920 2364 8253 103
4 8697 4351 1357 7209
4 6313 7212 9366 4951
4 2619 1372 6477 9443
4 3368 251 9252 717
4 745 9778 6363 709
4 1336 4352 3356 3485
4 2112 2009 2571 3089
4 4137 9123 565 4582
4 5962 7671 5909 8839
4 3443 2802 67 2351
4 6426 9779 6316 7629
4 8477 7981 1861 9365
4 1976 6602 9124 9751
4 8811 8751 645 2647
4 257 5891 332 7119
4 2905 9154 4259 1340
4 9806 6994 214 8614
4 8200 5492 2095 8199
4 7489 1787 9325 6
4 1510 5793 2162 3214
4 171 5733 3062 6415
4 2536 5330 7330 8003
4 1001 1202 8923 2957
4 3496 3379 4477 7911
4 5593 4884 60 750
4 1344 9585 6914 1701
4 9546 8947 9629 4134
4 9968 4557 4867 4293
4 9930 8163 4357 9511
4 5544 3308 9974 5239
4 6666 188 877 5991
4 5244 5149 1820 1717
4 7344 6297 9363 8501
4 8529 8835 1740 7391
4 2776 9550 4222 1975
4 1800 7057 8658 5236
4 5970 6342 5518 4727
4 9166 6956 7613 6188
4 3750 1505 5332 7934
4 8168 9545 8779 8651
4 8040 1249 7647 4711
4 321 2575 4717 7439
4 296 7153 4572 1351
4 4977 7210 4331 1564
4 9426 1883 924 8915
4 5529 1364 1965 5758
4 3730 9419 1522 7677
4 4696 9962 7415 8431
4 5720 4161 2245 6616
4 3120 2509 9341 8990
4 3473 1743 5131 791
4 5488 6738 1747 9271
4 5728 1714 3579 2043
4 797 7699 1061 4415
4 2265 5028 8449 3655
4 5808 8579 7972 2573
4 6419 7250 5683 1523
4 8056 264 8866 5835
4 96 8418 6627 7824
4 3223 6042 3087 767
4 5074 3830 9397 902
4 9569 5155 8548 55
4 3834 7524 301 9626
4 1673 9572 3845 8607
4 6273 3306 385 631
4 1200 6144 197 8470
4 2952 2089 3978 6742
4 6410 1508 773 9797
4 4649 1178 1636 4870
4 1889 3271 8625 4367
4 6336 6226 9566 8487
4 407 2809 9853 7567
4 9048 5553 7155 3167
4 6377 8132 6309 8702
4 6192 8659 3870 2055
4 5864 3137 9250 1476
4 4960 2353 8707 8183
4 1810 1948 2612 5375
4 4600 3905 8940 3791
4 3673 7436 9689 9871
4 9952 4524 7748 1912
4 6058 730 6747 9718
4 5610 875 3557 4079
4 9843 5308 7412 278
4 6384 6769 1228 1998
4 3944 4861 2486 2000
4 6198 3 1483 8671
4 9746 4043 8204 85
4 4200 9265 5476 3367
4 432 283 836 3997
4 3001 7443 6028 9078
4 8677 3857 1429 6662
4 1853 8172 7253 7103
4 2912 1040 7302 5207
4 7880 5170 6010 4607
4 915 1140 8453 7095
4 8297 4706 8442 4527
4 5203 9507 7118 2927
4 6146 9755 6981 263
4 9695 884 3278 7319
4 1720 7696 6578 1587
4 1378 4179 3028 3885
4 3736 5849 4532 7296
4 4565 4617 995 4469
4 5174 8683 6012 8670
4 634 6483 1708 8692
4 513 9908 6757 2585
4 7978 5803 6110 3022
4 3728 4307 8964 6320
4 464 7617 3508 3518
4 1224 8929 4883 1152
4 4474 1821 8750 4871
4 7618 8722 7861 8895
4 1526 3561 1037 1542
4 520 1073 1253 7678
4 9880 3877 8932 2877
4 137 6370 4038 3375
4 7536 7041 7603 9359
4 1681 5197 3037 559
4 1684 1484 6444 7759
4 2488 6498 3362 4439
4 8328 1117 3248 7823
4 4786 1923 7178 6367
4 5785 2939 7870 2798
4 9464 8956 5902 9599
4 2937 2627 1116 5462
4 1154 8524 1261 5998
4 5705 4521 1571 1833
4 8466 3892 3853 8637
4 2592 4361 174 3511
4 6296 1361 4292 4975
4 3107 9197 5278 3055
4 3544 8874 5547 9907
4 9769 6577 172 5823
4 1712 916 6605 4668
4 6389 6965 5341 7255
4 6656 8516 7463 5839
4 145 6220 846 6231
4 6856 9849 4946 17
4 56 5250 6938 5941
4 2600 970 844 9014
4 3769 1726 2566 9425
4 2368 9961 7130 8527
4 2185 9895 9350 5503
4 9984 5378 2106 6266
4 208 5441 3050 3134
4 529 451 525 7238
4 760 9092 8714 5548
4 5563 5151 2165 7215
4 688 10 4604 1122
4 1570 6715 1430 7363
4 297 3746 4731 3516
4 9121 738 1963 2716
4 1234 8363 556 1765
4 6752 3969 9741 5271
4 6364 2407 5446 4663
4 2649 6540 7740 6133
4 8931 4093 6526 1487
4 9168 5017 923 6205
4 1601 8833 164 926
4 5649 9597 7149 1197
4 7218 9182 5118 6583
4 912 8081 5579 3540
4 9450 1827 139 9390
4 7624 8044 1589 2766
4 7346 8293 5325 7839
4 9161 7778 8059 9214
4 3104 8650 7558 2295
4 7152 4491 117 8239
4 8673 5013 4230 2007
4 6396 2221 9246 5007
4 3258 7499 2309 211
4 5056 7518 6149 4990
4 1648 8161 2484 3973
4 628 3691 5948 5899
4 3674 2804 2836 8198
4 6451 642 4627 87
4 480 2555 5574 7983
4 6623 9594 5627 2127
4 2848 900 5875 6052
4 8824 6721 2125 9414
4 656 2811 7204 2879
4 9490 28 6102 4126
4 9719 7692 7151 1015
4 6680 8305 1010 7954
4 8617 6645 6215 5879
4 1825 178 7278 9135
4 3932 3029 2590 1620
4 2516 3276 7318 1876
4 8609 4555 1847 8247
4 3608 2872 4650 597
4 5513 3828 6157 206
4 7752 3677 9286 1943
4 6193 9580 8653 9471
4 6256 4859 9588 1735
4 289 8652 8606 3239
4 9776 1866 6731 6036
4 3480 1856 3692 1632
4 7888 931 6703 5487
4 1464 2697 7375 1159
4 2538 4170 9382 8578
4 6152 1393 6053 4671
4 5824 4522 9852 4792
4 8134 2226 6350 590
4 1056 3132 6685 9276
4 1129 1642 9499 1311
4 9241 307 5061 5815
4 8537 1819 6531 4933
4 2999 1260 3092 3527
4 3808 8258 3891 5981
4 3895 6741 4573 5559
4 6443 834 7875 9637
4 4496 1877 1205 2190
4 1888 1994 5058 8434
4 151 7777 7764 6111
4 6984 2490 124 5094
4 1874 2732 53 9407
4 7413 1718 8468 4054
4 1562 589 6206 8967
4 7105 7475 8684 4725
4 9675 142 8342 9238
4 9165 4611 236 4661
4 290 2020 3573 7542
4 2705 4055 6228 1884
4 7734 7610 4997 9326
4 7993 5371 4091 9799
4 4865 4442 2091 4857
4 5710 2428 6932 4814
4 7361 6306 3980 4636
4 7512 9714 4989 9376
4 7884 9748 2461 6651
4 1704 9730 8035 6676
4 5418 4692 1837 3558
4 2765 3802 6628 253
4 3297 9602 8907 6557
4 4592 7219 8032 5235
4 2241 7526 540 4774
4 9530 5644 7286 4703
4 9864 9761 4875 1440
4 4381 3924 1445 4066
4 6849 4187 6155 7003
4 9976 898 5044 7406
4 3912 7659 2565 8423
4 7090 362 5794 735
4 648 4410 4716 4926
4 8176 1282 7733 2254
4 4506 9523 6365 2854
4 9016 1595 4363 8123
4 2400 5035 5517 4559
4 6827 6733 2806 2887
4 3945 358 5916 3654
4 1339 5020 1406 3839
4 4904 9896 1598 6326
4 4656 7841 6366 7662
4 9650 6380 7037 1023
4 3553 7594 3531 6794
4 4089 9922 4771 8241
4 4064 6976 8597 5671
4 2320 7074 9453 7382
4 2081 3498 534 5530
4 6289 5474 5389 3567
4 1467 7356 1533 8333
4 2457 5355 2006 1422
4 960 5205 3422 1471
4 6076 147 6436 4773
4 6673 3906 7683 622
4 5336 1723 1332 9220
4 210 4412 9988 2783
4 7432 6988 8861 7374
4 9368 5898 8938 8894
4 6800 1609 404 9848
4 3760 33 4720 2375
4 6528 7914 2874 4879
4 8432 9879 2907 4375
4 9456 489 146 5489
4 689 6778 9468 2389
4 1584 2398 4766 4478
4 6857 6514 4639 4495
4 6361 5178 7419 7785
4 1021 6490 8019 2381
4 7821 909 3718 5551
4 3145 8889 3323 5457
4 8376 8715 7917 7768
4 8648 9561 3244 2462
4 3704 5633 7818 4452
4 9726 7426 4011 7534
4 7249 9043 1529 5086
4 9361 7530 7230 7943
4 8153 3582 3882 7310
4 737 8954 6340 2260
4 2401 8898 6585 1930
4 3617 9684 5869 3559
4 5856 8043 39 7175
4 6784 9192 4026 6202
4 9072 5776 8150 9703
4 8425 5467 396 8845
4 6016 2129 3914 3595
4 7592 9122 3299 3983
4 4057 635 3428 8823
4 7990 4953 3153 150
4 1512 1922 8325 198
4 3352 9971 5461 9631
4 3371 5380 5901 7454
4 6208 5724 3749 3966
4 8712 6466 6870 2191
4 5920 1090 8299 9143
4 2134 835 5085 9222
4 1952 3136 5615 5255
4 5865 947 804 9549
4 9429 3985 3339 7013
4 7010 8682 5556 8679
4 6649 3188 7956 1886
4 4202 4907 9221 9183
4 32 4467 4704 4823
4 6834 5522 7116 8746
4 5832 5896 7770 7221
4 7689 9802 1100 359
4 512 1507 45 9667
4 7480 3075 5531 8519
4 4640 3129 7596 7966
4 9606 6724 149 8238
4 1347 2924 6421 9062
4 313 4124 1822 711
4 4016 3564 9173 2167
4 4208 9091 6574 3011
4 6264 2277 9734 8632
4 3641 170 9828 6705
4 6873 3811 5908 678
4 0 1761 6184 4887
4 7970 2707 6700 7220
4 7809 3322 6243 2148
4 4465 9868 5566 300
4 1256 2198 7964 6446
4 471 7876 5164 2343
4 2024 6160 5756 8196
4 4514 7186 6659 3991
4 8264 5954 7731 3694
4 5451 8276 9573 8263
4 849 6553 6203 5047
4 5584 2278 1382 1047
4 6248 8562 6811 3724
4 9096 7984 9459 6015
4 7425 611 2467 2495
4 1908 9987 9891 3020
4 2672 3121 6522 4708
4 4659 5939 6637 5657
4 9752 6681 6726 4335
4 9210 8027 4949 5166
4 5721 9299 5277 7975
4 7424 9978 1174 6903
4 8752 8908 9996 8517
4 4511 1044 1157 1199
4 5449 4340 9583 2983
4 5040 5362 3818 6596
4 4992 7386 541 6942
4 8801 8133 7727 1569
4 9328 1179 5240 6648
4 2296 2875 1181 4215
4 2337 433 1593 2367
4 3681 3226 5836 9068
4 3203 4419 5947 5860
4 1616 1411 6112 8711
4 7521 5763 708 1668
4 7384 1106 4790 6351
4 8160 6017 8210 3127
4 2506 3412 3894 8143
4 9633 8413 9038 6719
4 6713 562 4052 3517
4 514 6022 7509 2062
4 4456 8202 204 5173
4 6478 2702 9721 8222
4 8696 9836 4206 3031
4 1400 825 1381 5813
4 1840 7500 9486 968
4 355 3563 6492 5536
4 2120 2025 4286 2601
4 5198 8667 6246 2159
4 5872 3105 8828 5157
4 5496 465 5730 608
4 8864 7555 7877 8006
4 889 3004 2437 8863
4 6280 8139 6275 1751
4 1768 7633 2954 8336
3 4188 4958 4359
3 1062 8810 70
3 3809 1012 919
3 240 1409 8031
3 8977 4742 1535
3 2329 3596 9028
3 6864 2033 3330
3 530 4092 4858
3 9935 6051 4943
3 955 7614 7751
3 9920 8089 8876
3 8137 9995 4228
3 234 1843 3311
3 1321 1330 6263
3 2578 5606 8919
3 4000 3235 270
3 5368 3657 131
3 1640 3972 7397
3 4801 978 9198
3 6960 1036 430
3 500 9269 5751
3 9418 3926 8215
3 2746 9187 431
3 456 7729 9716
3 5082 3939 9519
3 6576 6008 5245
3 620 7924 1750
3 9600 5208 8454
3 9768 2786 2661
3 97 6097 4301
3 2193 372 2604
3 5986 1939 439
3 2762 9699 4798
3 9201 2949 4534
3 6698 6003 4046
3 9584 6964 4942
3 8401 7995 9767
3 3956 1980 9332
3 9538 9446 1519
3 136 5191 8447
3 673 2074 1475
3 1259 4221 9086
3 1744 2632 7663
3 2072 6161 6352
3 2977 2772 9431
3 2713 2514 4796
3 9656 6761 2102
3 6890 6565 5482
3 7170 6835 3590
3 885 1318 7991
3 1796 9398 7407
3 3212 2694 183
3 6824 8252 9944
3 9075 6844 8180
3 7457 37 8822
3 24 2595 3060
3 1961 3370 956
3 5752 1649 8326
3 4104 6809 2399
3 3280 86 6887
3 3344 6137 7554
3 7586 4238 8383
3 8435 5732 1279
3 8568 4839 2207
3 3793 9083 9413
3 4502 3364 1694
3 4635 5666 4387
3 4777 5994 9855
3 7800 6121 6197
3 6450 2891 6463
3 2881 7674 4783
3 7881 7724 6302
3 2953 6972 7895
3 1546 8037 1983
3 8859 1755 8815
3 457 458 4358
3 7320 2297 3822
3 1538 7461 6959
3 9137 4595 7471
3 8314 6963 9036
3 3543 7812 487
3 602 8900 9094
3 7410 756 8486
3 4248 5168 2608
3 4400 4339 2903
3 2144 5897 7362
3 4434 7357 9047
3 9009 9578 4596
3 2149 462 335
3 2210 1371 3052
3 2596 7206 4399
3 392 3141 8093
3 9215 7094 3951
3 8353 8930 4116
3 5024 2785 6311
3 6506 2741 6471
3 1536 6915 7387
3 2610 2859 8766
3 9035 2028 1453
3 3021 221 4504
3 801 3347 9659
3 40 2956 4069
3 6353 3875 6332
3 9114 2892 3887
3 5066 3651 9564
3 4994 5181 9838
3 168 1161 7850
3 5233 8028 1678
3 1688 3789 6127
3 2412 2837 8022
3 4097 5628 4982
3 6448 2469 6175
3 6818 9651 7078
3 4736 4877 6925
3 7602 802 842
3 840 7889 2059
3 725 9709 31
3 644 6148 8663
3 6232 9820 511
3 1426 2307 502
3 7632 5106 739
3 1009 1778 9540
3 9595 2683 6229
3 4688 2685 7959
3 5128 4291 8438
3 4488 5125 8543
3 6328 9394 4567
3 6944 152 639
3 9993 325 7557
3 393 7694 8737
3 7859 4549 78
3 3841 615 343
3 402 3012 9678
3 1220 3318 1959
3 2169 2101 2950
3 8576 5817 229
3 4689 6699 1869
3 7960 1043 6725
3 8426 7971 9015
3 8804 5959 9223
3 7395 613 1165
3 9489 4787 5631
3 4099 5558 3743
3 34 5422 5719
3 6473 5882 3679
3 5676 7742 4031
3 9227 68 1807
3 793 1377 7423
3 848 8097 5190
3 8643 2388 7803
3 8256 6034 467
3 1080 8950 7631
3 6952 953 726
3 3123 4826 1979
3 2242 3903 7314
3 2472 7697 9957
3 305 3555 6005
3 6746 252 4855
3 4880 579 7581
3 7994 6315 7532
3 640 2304 8903
3 4723 13 413
3 7132 20 1167
3 2002 5731 1270
3 6563 1892 6452
3 3515 76 3509
3 4969 3698 153
3 5850 5443 9887
3 6225 5881 9475
3 2137 4811 7430
3 9892 1590 6479
3 7176 4298 477
3 57 860 1502
3 395 2164 5212
3 5951 4078 2215
3 6357 740 2669
3 3665 8571 3396
3 6922 5863 4047
3 7666 4173 8398
3 9280 9274 8629
3 346 6046 7826
3 2929 4750 7713
3 193 293 3621
3 1369 649 4267
3 5146 4451 6189
3 6674 5829 5950
3 6291 1549 6095
3 7496 937 1586
3 5026 414 2527
3 2232 1953 3246
3 2432 2019 2799
3 4155 7036 2358
3 6104 3233 2629
3 3761 2898 4279
3 9524 3581 7951
3 5161 4747 4245
3 568 4922 4246
3 1416 4554 4679
3 7906 9830 8206
3 8212 949 3902
3 9337 4249 554
3 83 1276 8821
3 7024 3146 6210
3 6544 3449 7194
3 5346 8986 4662
3 2824 6740 2533
3 7804 9065 7252
3 8456 9157 7565
3 1504 868 7813
3 3161 1194 1084
3 4030 1286 2751
3 1650 444 3261
3 2634 2531 9526
3 3482 6244 23
3 3504 3838 4767
3 4314 9234 4311
3 16 7653 5895
3 9313 2668 3911
3 4856 4537 1516
3 1793 9105 8229
3 2529 3748 3263
3 3773 6270 3431
3 5714 3332 3806
3 1032 4653 6630
3 5200 1031 7743
3 5387 1118 8675
3 9680 1250 7197
3 7236 9333 1532
3 6664 8498 9458
3 4328 9294 2047
3 1514 9958 9543
3 4501 982 1527
3 2442 3174 2303
3 3930 7018 6294
3 4176 7490 7963
3 5401 8277 4398
3 5672 1201 8965
3 9496 9488 6258
3 8440 8201 9635
3 3316 4841 9692
3 8642 9810 675
3 1296 6510 4623
3 1891 1452 2671
3 6920 4001 1986
3 4578 4892 5373
3 4914 6245 7150
3 6828 5237 6494
3 2264 3880 6612
3 1618 3407 7559
3 2712 8355 3125
3 8952 499 6693
3 8289 1027 9551
3 8729 1606 2143
3 9022 3513 2422
3 3824 5175 4935
3 4713 5834 5043
3 5059 6852 6430
3 4898 5980 5199
3 6569 6962 3747
3 6744 4164 6822
3 8179 9085 4095
3 3099 9260 8654
3 4775 9251 8727
3 5769 365 9711
3 225 459 4447
3 858 7828 7622
3 4144 8177 9002
3 5641 8897 4605
3 8235 6093 9149
3 2328 7761 7237
3 123 8067 4407
3 8981 8918 30
3 9858 9181 3570
3 5400 3274 115
3 8593 3147 7957
3 9272 5097 185
3 4562 7418 6604
3 8808 1058 8567
3 9985 1806 9655
3 1898 1669 2335
3 2402 8108 1951
3 6130 3547 2235
3 94 6846 6118
3 6600 8382 5471
3 7600 4156 4694
3 3355 7849 9611
3 9624 7665 1978
3 576 7721 1110
3 7899 1132 6766
3 1865 5098 6851
3 2570 7190 2946
3 4482 2220 4558
3 8472 7085 5831
3 6002 6323 6727
3 6899 8756 6126
3 5077 2205 6398
3 8978 4197 6590
3 7048 4546 4325
3 9073 2466 4804
3 9771 2046 1639
3 2240 3587 4840
3 7273 5442 8734
3 6090 7315 6078
3 6472 7868 7127
3 3883 6669 8806
3 6993 8340 2333
3 8753 9338 7247
3 7616 8393 2591
3 896 1754 8388
3 6711 2582 9927
3 1288 473 5019
3 5505 1835 7329
3 6304 5041 3078
3 5944 8372 3615
3 4489 419 7693
3 6524 7634 5812
3 7460 7805 6223
3 1848 8129 8572
3 9745 5621 9613
3 160 9859 516
3 1849 899 2911
3 1266 5323 101
3 6560 1774 1271
3 2105 2294 22
3 2216 3884 6774
3 3506 3324 143
3 1313 9003 4564
3 8640 4172 2549
3 1192 1137 2199
3 1086 1212 3878
3 2730 2234 5140
3 3265 7275 5276
3 3664 6356 5800
3 5613 9013 5189
3 2136 6697 5460
3 2754 6739 5702
3 9877 6990 6671
3 9948 1653 7815
3 9603 8996 8573
3 2793 4308 2237
3 4312 8994 3038
3 3281 7491 3933
3 6803 5134 3439
3 4746 3402 7686
3 6064 7121 7123
3 8021 9134 6581
3 417 2453 558
3 753 1461 6023
3 906 1699 9029
3 2781 2390 4255
3 3097 3578 4196
3 3849 5397 3782
3 4217 7931 550
3 9194 5171 9261
3 2289 5268 9679
3 1170 8773 6063
3 9744 2417 5598
3 1488 381 1127
3 1480 796 4599
3 1656 2268 5253
3 2016 5426 2852
3 1624 3873 4918
3 4136 4818 8411
3 4394 6035 5903
3 5234 1093 6831
3 5523 9230 2775
3 7510 6595 6414
3 2951 6636 1783
3 9844 219 8084
3 8716 2621 159
3 9008 8049 2444
3 472 6520 828
3 3817 1172 5246
3 3888 3131 2406
3 3491 3381 4678
3 4613 4630 8166
3 6096 7400 6132
3 7233 7786 6261
3 8793 7117 279
3 8464 8316 8759
3 893 8789 9759
3 217 610 9901
3 2731 1404 133
3 2068 845 4910
3 1665 1627 3965
3 3300 1814 2334
3 1985 6529 1867
3 4094 8987 3262
3 5966 3442 3334
3 5736 6432 3783
3 8633 5770 6227
3 1801 7788 6373
3 6953 6517 2065
3 1221 7684 7309
3 3401 8539 7903
3 218 8618 1781
3 1208 2281 4487
3 4193 1836 2711
3 3312 2554 2987
3 3584 669 2750
3 4088 3721 4932
3 3744 8165 5391
3 5313 9575 4479
3 7969 6812 5398
3 5577 5917 9535
3 1904 5586 9502
3 2722 5972 7501
3 1716 6180 990
3 3445 7925 9534
3 401 1899 5132
3 651 4894 3927
3 1184 6417 3862
3 5104 8665 1646
3 5064 6586 3539
3 545 5370 3076
3 7898 7675 7110
3 9200 2376 7371
3 89 7388 1638
3 2464 2947 7980
3 2184 9660 934
3 3947 1292 7502
3 3929 4628 2326
3 3216 9882 3085
3 4529 3124 249
3 5594 4538 3411
3 144 7289 4428
3 4544 771 5599
3 7672 2173 4981
3 5481 3017 8638
3 7065 9770 1130
3 8842 292 7695
3 757 8694 1935
3 1928 9754 163
3 977 6770 9846
3 1299 9941 7907
3 5345 827 1683
3 2560 7043 2087
3 3424 3521 6259
3 9356 6405 3807
3 4669 8015 5511
3 7664 8525 7902
3 8584 8268 2990
3 9209 8934 2057
3 304 9156 6958
3 7177 930 207
3 1120 1469 894
3 4833 1138 1870
3 2480 2050 2022
3 2835 3580 2463
3 7744 6068 2567
3 4163 3115 8732
3 5122 6307 157
3 6409 241 6973
3 6497 6331 6805
3 7096 4842 9670
3 7608 9140 316
3 9089 5429 199
3 288 7553 643
3 1331 618 691
3 1209 4882 2011
3 3313 3610 3941
3 7274 4149 7223
3 728 4553 4646
3 7962 5804 7134
3 8776 8709 7014
3 8273 3893 865
3 2179 9860 8853
3 7640 9785 3353
3 2227 1277 287
3 4392 5192 356
3 4337 2564 8502
3 3178 4948 5514
3 3186 5725 3541
3 1227 6301 6541
3 7544 6425 7163
3 6897 8298 9179
3 7216 9225 7642
3 9152 8886 7878
3 8409 8068 1574
3 616 9491 108
3 819 1958 862
3 4468 2418 1652
3 1841 4789 5182
3 4714 1971 3006
3 2288 5329 2805
3 3753 4355 8645
3 5578 4226 5060
3 5254 5206 5663
3 6513 7019 5550
3 7229 5718 9647
3 1809 6213 8870
3 6904 6387 9367
3 7298 7546 1495
3 2563 186 7795
3 9406 733 8534
3 867 9100 9863
3 425 2163 9710
3 784 3425 3536
3 4508 4598 2239
3 5848 2841 4143
3 5424 3798 3438
3 4634 5658 7948
3 9553 5612 5534
3 347 6796 5741
3 5825 8141 6087
3 5952 800 7087
3 8941 6629 8310
3 9617 9172 6814
3 1376 769 8740
3 9232 9329 348
3 3712 1563 9870
3 378 9885 1479
3 226 1700 5958
3 1661 2318 1615
3 2201 3209 2435
3 2344 4693 4791
3 2577 2689 6620
3 3208 6484 5573
3 7091 3812 5510
3 9570 5611 8564
3 5771 9590 9423
3 789 7349 9582
3 128 1099 7556
3 719 9158 383
3 2152 4290 189
3 4403 1403 415
3 3917 1685 4518
3 6748 7365 4726
3 7441 4906 6125
3 4986 7333 7799
3 8309 6253 9314
3 7434 9876 8103
3 441 8321 9555
3 9346 8771 1235
3 958 1949 9862
3 1196 349 4709
3 633 3213 1494
3 1131 1788 4211
3 2586 2451 1909
2 2012 5183
2 4939 2470
2 5316 5294
2 5409 6917
2 6692 7758
2 7140 6701
2 7580 7060
2 7459 7541
2 7835 8493
2 7946 8086
2 8064 9954
2 8347 863
2 9205 703
2 9819 203
2 361 291
2 1188 831
2 1180 1119
2 1284 1230
2 1799 1679
2 1868 2878
2 1993 2382
2 2356 2550
2 3784 3327
2 3859 5343
2 4996 3860
2 5148 3949
2 5379 8686
2 6456 6279
2 8080 6457
2 8960 8282
2 9737 8379
2 9323 4
2 280 693
2 388 405
2 509 782
2 1335 935
2 2384 1105
2 1611 1323
2 1818 1732
2 2035 2483
2 2498 4621
2 3821 3247
2 5410 6843
2 7507 5694
2 5779 8406
2 7669 7479
2 7965 7807
2 227 8412
2 9372 8726
2 8875 1046
2 200 9999
2 258 1111
2 268 2324
2 922 1074
2 2378 1133
2 2789 1135
2 3394 2579
2 3787 4254
2 4344 4330
2 4632 4633
2 4664 4675
2 4950 4734
2 5833 5051
2 5699 6085
2 6233 7307
2 8970 6407
2 7251 318
2 8784 7753
2 8985 8410
2 8955 9102
2 662 9663
2 376 9807
2 811 983
2 1553 1029
2 1987 2086
2 2373 2311
2 2386 2405
2 2541 2942
2 4107 3292
2 3386 3639
2 3922 3389
2 4979 4461
2 6500 5356
2 5977 5844
2 6635 7791
2 8523 6983
2 7667 8461
2 9636 8791
2 9604 342
2 9724 9701
2 173 9742
2 491 741
2 794 2030
2 2410 2508
2 2715 2676
2 3385 3199
2 4425 3827
2 7322 4371
2 5177 5005
2 6158 5327
2 6434 6371
2 7092 7399
2 8602 8164
2 8491 8374
2 9162 8731
2 9186 9148
2 9557 9533
2 9632 621
2 9644 9717
2 872 409
2 1918 1534
2 1992 2883
2 3008 2825
2 3819 3756
2 3866 4220
2 4273 4369
2 4810 5413
2 5266 5187
2 6242 5885
2 6420 6254
2 7627 6647
2 7820 7340
2 7992 7706
2 8136 8872
2 821 8725
2 9773 9342
2 69 917
2 984 148
2 195 1206
2 1329 1045
2 1415 1063
2 2934 1439
2 1705 1554
2 1897 1969
2 3225 2747
2 3267 3799
2 3794 3935
2 4978 4323
2 4651 4435
2 5073 5210
2 5643 5399
2 5957 6678
2 8857 7069
2 7636 7228
2 7712 7832
2 312 9282
2 9609 435
2 9977 483
2 605 437
2 652 508
2 1610 901
2 1731 2172
2 2427 2166
2 3058 2503
2 2873 2803
2 3144 2884
2 3466 3227
2 3474 4237
2 4260 3620
2 4032 4103
2 4356 4214
2 5045 4535
2 5167 4807
2 5265 5361
2 7165 5470
2 5840 5853
2 6234 5883
2 6480 5979
2 6499 6174
2 7033 7243
2 7393 7093
2 7264 7938
2 7736 7276
2 7408 8613
2 7547 9963
2 8728 8879
2 194 8758
2 9327 9159
2 9362 1654
2 2330 179
2 2425 987
2 1305 2996
2 2500 3636
2 4224 5350
2 4372 4758
2 4860 4822
2 5745 5340
2 5508 6077
2 6841 6654
2 6675 6901
2 7097 7172
2 7416 7588
2 7793 8142
2 7915 8395
2 8507 8535
2 8570 8778
2 8770 9070
2 9011 8780
2 9787 9775
2 9822 111
2 184 118
2 192 209
2 1142 303
2 2170 596
2 3476 2206
2 3082 2556
2 2769 3530
2 4891 3879
2 3984 4732
2 4577 6853
2 4890 4972
2 6187 7059
2 7427 7789
2 8144 7639
2 8117 8311
2 8786 9749
2 9380 8877
2 729 9415
2 482 478
2 1728 1614
2 2520 1831
2 3044 3189
2 3777 4175
2 4376 4285
2 5067 7086
2 5107 5557
2 6128 5279
2 7098 6141
2 7856 7561
2 7578 7883
2 8038 7942
2 8961 8114
2 8224 8405
2 8361 8417
2 9264 8975
2 9218 9571
2 9931 9421
2 121 274
2 908 230
2 1485 1695
2 2512 1517
2 2771 1972
2 2808 2485
2 4523 2812
2 3716 2974
2 3493 3717
2 4952 3727
2 5747 4724
2 5696 6614
2 5993 5906
2 6902 5983
2 6308 6156
2 6411 7075
2 7741 7590
2 8244 8061
2 9556 8135
2 8272 9436
2 156 1350
2 1496 781
2 1625 3685
2 2098 2039
2 4232 4470
2 4899 4699
2 6177 5483
2 5504 6682
2 7077 6559
2 6720 6833
2 6937 7045
2 7483 7187
2 7606 7847
2 8002 8462
2 256 8009
2 8530 8075
2 9793 9031
2 61 311
2 424 507
2 833 574
2 1177 1226
2 1937 1283
2 1749 2110
2 2272 2271
2 2602 2532
2 3635 2827
2 4098 4063
2 4845 4333
2 5304 5213
2 5533 5727
2 5617 5870
2 6265 6429
2 6545 6428
2 7730 6607
2 7864 7017
2 8011 8045
2 8561 8110
2 8220 8542
2 9736 8500
2 8698 8797
2 8880 81
2 428 9126
2 682 866
2 795 1006
2 1171 1326
2 1513 1501
2 1753 1634
2 1696 1917
2 1984 1804
2 2298 2231
2 3023 2447
2 2657 4297
2 3059 3053
2 3690 3108
2 4427 3307
2 4440 5158
2 4588 4876
2 4913 5023
2 4980 4966
2 5260 5262
2 5377 5382
2 5938 5783
2 7248 6026
2 6971 7404
2 7068 8494
2 7337 7533
2 8556 7550
2 8635 8159
2 8868 9301
2 9357 9686
2 9457 406
2 9498 803
2 538 1166
2 1622 903
2 1703 959
2 2252 1789
2 3993 3268
2 5480 3469
2 4305 4262
2 5008 5754
2 5907 6551
2 6075 6293
2 6539 6998
2 7138 7022
2 7292 7030
2 7139 7367
2 7682 7711
2 7833 7830
2 7929 8190
2 8441 8473
2 8850 8924
2 9296 9007
2 9521 9910
2 9932 182
2 1762 1275
2 1307 2583
2 1932 2357
2 2393 2310
2 2673 3266
2 3361 2900
2 3205 4591
2 3534 3846
2 5472 4770
2 5585 5910
2 5632 6021
2 6098 6237
2 6257 8555
2 6617 6412
2 7584 7067
2 7514 7453
2 8592 8968
2 658 9823
2 603 668
2 1149 1191
2 1824 2138
2 2645 3286
2 3416 3154
2 3705 4060
2 3963 3854
2 4048 4019
2 4283 4453
2 4793 4893
2 4923 4830
2 4843 5693
2 5010 4851
2 5281 5900
2 6848 5926
2 6393 6519
2 6533 6799
2 6859 7102
2 7688 7129
2 7281 9042
2 9577 7523
2 9698 9044
2 25 9548
2 224 275
2 452 341
2 698 1190
2 921 1612
2 1770 1878
2 2385 2026
2 2664 2546
2 2899 3382
2 2928 2961
2 3169 3810
2 3994 3591
2 3611 3803
2 4236 4911
2 4571 5100
2 6222 5430
2 5640 6040
2 6643 6454
2 6961 7574
2 7000 8001
2 7985 7071
2 9297 7658
2 8541 8085
2 9411 9189
2 27 9311
2 9861 238
2 9914 54
2 468 319
2 582 526
2 746 659
2 972 886
2 2153 1302
2 2656 1775
2 2280 2662
2 2709 3454
2 3619 3523
2 3696 4009
2 3990 3719
2 5809 4691
2 5538 5838
2 5828 6119
2 6185 6031
2 6195 6334
2 6290 7852
2 6592 6509
2 6923 6862
2 7890 7782
2 8000 8231
2 9146 8334
2 8554 9059
2 9229 9101
2 9204 9270
2 9554 180
2 412 9972
2 1134 999
2 1777 1316
2 1873 1667
2 2980 2038
2 3156 2525
2 3754 3413
2 4209 4821
2 5386 4525
2 5635 5549
2 6516 6199
2 6283 6391
2 6491 6772
2 7504 6850
2 7011 8109
2 7488 7261
2 9024 8034
2 9825 8118
2 9720 379
2 9933 422
2 573 1087
2 1237 1725
2 2010 1308
2 1880 2154
2 3645 2758
2 3843 3383
2 4034 4252
2 4520 4132
2 4556 4174
2 4987 4581
2 4705 5257
2 5227 5014
2 5697 5778
2 6163 5859
2 6792 5949
2 8098 7222
2 8546 8318
2 8344 8508
2 9336 8757
2 9400 9150
2 154 533
2 360 583
2 1290 911
2 986 1374
2 1664 1401
2 1915 1964
2 2733 2431
2 2706 2858
2 3201 3628
2 3643 3340
2 3546 4062
2 3788 4438
2 4976 5049
2 5108 5029
2 5153 5342
2 5466 5406
2 5539 5527
2 5619 5820
2 7005 6631
2 7042 7822
